# ../00.data/validation_data: data_e pred_e
-1.945019064559999970e+04 -1.945023205680108367e+04
-1.945094769520000045e+04 -1.945095492700215254e+04
-1.945228583749999962e+04 -1.945230152145803004e+04
-1.945173077869999906e+04 -1.945173770589404376e+04
-1.945122051179999835e+04 -1.945121244748288882e+04
-1.945138478979999854e+04 -1.945137577019234595e+04
-1.945108093820000067e+04 -1.945110538694624120e+04
-1.945064787480000086e+04 -1.945061772743085749e+04
-1.945051689120000083e+04 -1.945052925198289449e+04
-1.945144148520000090e+04 -1.945143444364589232e+04
-1.945111286249999830e+04 -1.945113831415379536e+04
-1.945113935919999858e+04 -1.945113412552677255e+04
-1.945073767859999862e+04 -1.945074812247887894e+04
-1.945065348870000162e+04 -1.945063140718465729e+04
-1.945256055579999884e+04 -1.945258480671325378e+04
-1.945066857040000104e+04 -1.945067622802426558e+04
-1.945196779130000141e+04 -1.945198441135898611e+04
-1.945046723589999965e+04 -1.945043678453484245e+04
-1.945053425760000027e+04 -1.945056401023922081e+04
-1.945199200779999956e+04 -1.945199423283457872e+04
-1.945047209139999904e+04 -1.945044072977913675e+04
-1.945091159340000013e+04 -1.945091330672859476e+04
-1.945103404619999856e+04 -1.945105664172564138e+04
-1.945254202280000027e+04 -1.945254283827729523e+04
-1.945042713490000096e+04 -1.945045933832230367e+04
-1.945101498340000035e+04 -1.945103512009142287e+04
-1.945111413149999862e+04 -1.945113110994171075e+04
-1.945144044869999925e+04 -1.945145720000105939e+04
-1.945098579550000068e+04 -1.945096909534115548e+04
-1.945088713360000111e+04 -1.945089437279196864e+04
-1.945071897560000070e+04 -1.945069000422372847e+04
-1.945268893680000110e+04 -1.945271080135411466e+04
-1.945136167629999909e+04 -1.945135163465513324e+04
-1.945207958670000153e+04 -1.945208311650767064e+04
-1.944998734369999875e+04 -1.945002675085585361e+04
-1.945079452849999871e+04 -1.945080421418802871e+04
-1.945137833429999955e+04 -1.945140793749707154e+04
-1.945103801400000157e+04 -1.945103081732713326e+04
-1.945172261970000181e+04 -1.945173003938757756e+04
-1.945244846390000021e+04 -1.945245817501249621e+04
-1.945030421149999893e+04 -1.945029089944228690e+04
-1.945087537819999852e+04 -1.945088903997106536e+04
-1.945141135569999824e+04 -1.945140334173149677e+04
-1.945097151289999965e+04 -1.945097797734326741e+04
-1.945267173349999939e+04 -1.945268816607247572e+04
-1.945156708950000029e+04 -1.945156310997685068e+04
-1.945028672910000023e+04 -1.945032666852739567e+04
-1.945198505619999924e+04 -1.945196687616298732e+04
-1.945000237729999935e+04 -1.945004335824749069e+04
-1.945102050529999906e+04 -1.945101231794003252e+04
-1.945111148300000059e+04 -1.945112965217876626e+04
-1.945136612859999877e+04 -1.945138490649388405e+04
-1.945075582389999909e+04 -1.945076600319692807e+04
-1.945121805540000059e+04 -1.945123515612027404e+04
-1.945079398339999898e+04 -1.945076633183128797e+04
-1.945105538620000152e+04 -1.945104980285006604e+04
-1.945108640920000107e+04 -1.945108731652343704e+04
-1.945061449659999926e+04 -1.945062516578920622e+04
-1.945246891379999943e+04 -1.945246534799708024e+04
-1.945264324629999828e+04 -1.945265822237415705e+04
-1.945091933419999987e+04 -1.945093098827747235e+04
-1.944815141959999892e+04 -1.944813783851405606e+04
-1.945091729750000013e+04 -1.945092746300395083e+04
-1.945188561499999923e+04 -1.945188950329558793e+04
-1.945249421779999830e+04 -1.945251760192376969e+04
-1.945105470010000136e+04 -1.945107117215998733e+04
-1.945047928279999905e+04 -1.945045007540070947e+04
-1.945037302690000070e+04 -1.945036242334698181e+04
-1.945124045589999878e+04 -1.945122168484992289e+04
-1.945029325519999838e+04 -1.945027672479616012e+04
-1.945170867319999888e+04 -1.945168424160405266e+04
-1.945130131940000138e+04 -1.945131627301925982e+04
-1.945045420839999861e+04 -1.945047070749837440e+04
-1.945128194050000093e+04 -1.945126627608957278e+04
-1.945075188269999853e+04 -1.945077799985594902e+04
-1.945047394709999935e+04 -1.945048949186710524e+04
-1.945114863170000172e+04 -1.945112401739896814e+04
-1.945181709330000012e+04 -1.945182853233520291e+04
-1.944827254309999989e+04 -1.944826137803108577e+04
-1.944953340350000144e+04 -1.944953633204401922e+04
-1.945128572219999842e+04 -1.945130169003878837e+04
-1.945089768380000169e+04 -1.945090572244095529e+04
-1.945269033259999924e+04 -1.945270821393614096e+04
-1.945105104520000168e+04 -1.945105070583037013e+04
-1.945189313509999920e+04 -1.945190751117694163e+04
-1.945168966020000153e+04 -1.945168900435428804e+04
-1.945110879189999832e+04 -1.945111109569804466e+04
-1.945178923959999884e+04 -1.945179549005250374e+04
-1.945030231350000031e+04 -1.945032803766407233e+04
-1.945173114089999945e+04 -1.945173913685340085e+04
-1.945093295329999819e+04 -1.945094046507468738e+04
-1.945213608169999861e+04 -1.945212181993395279e+04
-1.945111076519999915e+04 -1.945108714716957547e+04
-1.945267232130000048e+04 -1.945269516985363589e+04
-1.945197869590000118e+04 -1.945198078736360549e+04
-1.945073098319999917e+04 -1.945074097682215142e+04
-1.945044171970000025e+04 -1.945045936602589063e+04
-1.945154987279999841e+04 -1.945154494471175349e+04
-1.945203510129999995e+04 -1.945204795345109596e+04
-1.945106816880000042e+04 -1.945104553686712825e+04
