# ../00.data/validation_data: data_e pred_e
-3.039161209218750059e+02 -3.039161989935845440e+02
-3.039199277843749769e+02 -3.039201412495478962e+02
-3.039380484578124992e+02 -3.039382492726733744e+02
-3.039339586171874998e+02 -3.039341096680913665e+02
-3.039393708031249730e+02 -3.039395300502964119e+02
-3.039221869062499763e+02 -3.039225281629318260e+02
-3.039260223281249864e+02 -3.039257525143937073e+02
-3.039287570109374883e+02 -3.039290187500165530e+02
-3.039204131234375268e+02 -3.039205488635027450e+02
-3.039307828187500036e+02 -3.039306280189057929e+02
-3.039232251437500167e+02 -3.039232393206787037e+02
-3.039072273374999895e+02 -3.039078019272245115e+02
-3.039376123515625068e+02 -3.039376493306441489e+02
-3.039484101625000108e+02 -3.039487328147870357e+02
-3.039306882390624764e+02 -3.039305872845274052e+02
-3.039141489390624997e+02 -3.039143555788077151e+02
-3.039189855296875180e+02 -3.039191310464523781e+02
-3.039083094999999730e+02 -3.039088583493328315e+02
-3.039120785453125109e+02 -3.039119128647965908e+02
-3.039191925140625017e+02 -3.039189410052124458e+02
-3.039166968624999754e+02 -3.039170206479413423e+02
-3.039136264281249851e+02 -3.039131364027990116e+02
-3.039231396593750105e+02 -3.039235216710350187e+02
-3.039137387937499852e+02 -3.039132824281360854e+02
-3.039339550609374783e+02 -3.039335933226991528e+02
-3.039281702093750255e+02 -3.039279941705020747e+02
-3.039246582750000130e+02 -3.039245527613869626e+02
-3.039251589328125078e+02 -3.039254377351010703e+02
-3.039379039296874794e+02 -3.039379446410957826e+02
-3.039358302359374875e+02 -3.039360548621397129e+02
-3.039308545343749870e+02 -3.039307148035460386e+02
-3.039357029093749816e+02 -3.039357433599408296e+02
-3.039364679796875066e+02 -3.039365469592858062e+02
-3.039281534390624984e+02 -3.039279834103221560e+02
-3.039176021828125158e+02 -3.039172993324602885e+02
-3.039263394093749753e+02 -3.039265889068560682e+02
-3.039272166406249767e+02 -3.039270436810408000e+02
-3.039207136124999806e+02 -3.039205198578951013e+02
-3.039350831031250095e+02 -3.039352916123297064e+02
-3.039462586843749818e+02 -3.039466376048945904e+02
-3.039176716124999871e+02 -3.039178277628461160e+02
-3.039262352750000105e+02 -3.039265196677839640e+02
-3.039104361000000267e+02 -3.039108569076842059e+02
-3.039206145968749979e+02 -3.039207966918355055e+02
-3.039319083921874949e+02 -3.039318789974959145e+02
-3.039236057062499867e+02 -3.039232366745246168e+02
-3.039119144124999821e+02 -3.039116312042175991e+02
-3.039060522453124804e+02 -3.039066679821227126e+02
-3.039332934171874854e+02 -3.039334016545944337e+02
-3.039224970765624789e+02 -3.039227981993810772e+02
-3.039249684734375023e+02 -3.039247191599695270e+02
-3.039105227250000212e+02 -3.039109423473632887e+02
-3.039096270156250057e+02 -3.039101458421133088e+02
-3.039221091156250054e+02 -3.039224237514284823e+02
-3.039350303687500059e+02 -3.039352244131542875e+02
-3.038769511171875024e+02 -3.038766784887428685e+02
-3.039198030343749792e+02 -3.039196759220498052e+02
-3.039236169218750092e+02 -3.039239008152932229e+02
-3.039294075031249918e+02 -3.039292254158788751e+02
-3.039219663218750043e+02 -3.039220251861901261e+02
-3.039146927390625024e+02 -3.039148578545679698e+02
-3.039238999203125218e+02 -3.039235218568458663e+02
-3.039260238171875130e+02 -3.039258801163986732e+02
-3.039462377265625150e+02 -3.039464285035870716e+02
-3.039224069718749774e+02 -3.039227600269631466e+02
-3.039202621328125247e+02 -3.039204879754302624e+02
-3.039469593312500137e+02 -3.039471710618630027e+02
-3.039219101187500200e+02 -3.039219730359646974e+02
-3.039069550546875007e+02 -3.039070971255837321e+02
-3.039131518703125039e+02 -3.039134275941545411e+02
-3.039286605421875151e+02 -3.039289317311153127e+02
-3.039107047687500085e+02 -3.039111182632160535e+02
-3.039246369890624919e+02 -3.039247186022198548e+02
-3.039205660000000080e+02 -3.039206871120267124e+02
-3.039136618640624761e+02 -3.039139010979538398e+02
-3.039275957593749808e+02 -3.039278891639669382e+02
-3.039266205187499850e+02 -3.039270620681506330e+02
-3.039267373796874949e+02 -3.039265340467940177e+02
-3.039344738703125017e+02 -3.039345520010639348e+02
-3.039258982640624822e+02 -3.039261592345476402e+02
-3.039245037062499932e+02 -3.039241144511095172e+02
-3.039293656187500119e+02 -3.039293663694920724e+02
-3.039263037640624816e+02 -3.039263810185985903e+02
-3.039425485749999893e+02 -3.039428164794270515e+02
-3.039419415593749818e+02 -3.039417832278173250e+02
-3.039387435421875239e+02 -3.039387986954323537e+02
-3.039294676999999751e+02 -3.039290501552720798e+02
-3.039436485499999776e+02 -3.039439614355467256e+02
-3.039173875624999823e+02 -3.039170737021022433e+02
-3.039166964125000163e+02 -3.039168160628791497e+02
-3.039228544124999871e+02 -3.039228282913501289e+02
-3.039189873421875063e+02 -3.039193949276204307e+02
-3.039167519124999899e+02 -3.039169233248134105e+02
-3.039205069562499943e+02 -3.039207115620345121e+02
-3.039146835656250119e+02 -3.039150732213275887e+02
-3.039369653828125024e+02 -3.039369960415066885e+02
-3.039031893031249751e+02 -3.039032833860720189e+02
-3.039284009062499763e+02 -3.039286871909606020e+02
-3.039303076406250170e+02 -3.039301322626159845e+02
-3.039361206531249877e+02 -3.039358079999733491e+02
