# ../00.data/validation_data: data_e pred_e
-1.945071897560000070e+04 -1.945069000422372847e+04
-1.945054235490000065e+04 -1.945057395017219096e+04
-1.945153619669999898e+04 -1.945150967076759844e+04
-1.945068768450000061e+04 -1.945069861176689301e+04
-1.945127408799999830e+04 -1.945125757970434279e+04
-1.945044171970000025e+04 -1.945045936602589063e+04
-1.945113787049999883e+04 -1.945114166238352482e+04
-1.945064315970000098e+04 -1.945066974926421244e+04
-1.945105955330000143e+04 -1.945107844198660678e+04
-1.945053362740000011e+04 -1.945054467261755781e+04
-1.945037302690000070e+04 -1.945036242334698181e+04
-1.945269033259999924e+04 -1.945270821393614096e+04
-1.945140182009999990e+04 -1.945139093826061799e+04
-1.945095493699999861e+04 -1.945095780568735063e+04
-1.945245733549999932e+04 -1.945246667335070379e+04
-1.945173114089999945e+04 -1.945173913685340085e+04
-1.945193736169999829e+04 -1.945193920469431760e+04
-1.945220602610000060e+04 -1.945221895228850190e+04
-1.945103108779999820e+04 -1.945103235638186015e+04
-1.945008395319999909e+04 -1.945012561546474899e+04
-1.945145523519999915e+04 -1.945144644642302592e+04
-1.945164763049999965e+04 -1.945162222426640801e+04
-1.945186565100000007e+04 -1.945186880944515724e+04
-1.945188561499999923e+04 -1.945188950329558793e+04
-1.945091159340000013e+04 -1.945091330672859476e+04
-1.945232310879999932e+04 -1.945234025468333130e+04
-1.945197309170000153e+04 -1.945198959266006932e+04
-1.945250714460000017e+04 -1.945251517081806378e+04
-1.945114913890000025e+04 -1.945117562650817126e+04
-1.945121805540000059e+04 -1.945123515612027404e+04
-1.945139647150000019e+04 -1.945136993228800202e+04
-1.945124917120000100e+04 -1.945123405999833631e+04
-1.945079452849999871e+04 -1.945080421418802871e+04
-1.945207464729999992e+04 -1.945208349082999484e+04
-1.945183714310000141e+04 -1.945184570902437554e+04
-1.945162447450000036e+04 -1.945162304294388741e+04
-1.945124269679999998e+04 -1.945125153873692398e+04
-1.945066859919999843e+04 -1.945068932146824591e+04
-1.945235890030000155e+04 -1.945237749309908395e+04
-1.945111148300000059e+04 -1.945112965217876626e+04
-1.945122051179999835e+04 -1.945121244748288882e+04
-1.945194153020000158e+04 -1.945195554791543691e+04
-1.945126075080000010e+04 -1.945123515359298472e+04
-1.945252753899999880e+04 -1.945255151559586011e+04
-1.945155296430000089e+04 -1.945154880531540402e+04
-1.945041880980000133e+04 -1.945040009913245012e+04
-1.945087785309999890e+04 -1.945087828769518092e+04
-1.945050668339999902e+04 -1.945047902723047446e+04
-1.945127905760000067e+04 -1.945129725873817370e+04
-1.945133084990000134e+04 -1.945133528688248043e+04
-1.945138758890000099e+04 -1.945140635249659681e+04
-1.945094769520000045e+04 -1.945095492700215254e+04
-1.945224680649999937e+04 -1.945226110367780348e+04
-1.945102050529999906e+04 -1.945101231794003252e+04
-1.945054679659999965e+04 -1.945055700291214089e+04
-1.945124501379999856e+04 -1.945126299875292170e+04
-1.945108362779999879e+04 -1.945110213816279429e+04
-1.945181709330000012e+04 -1.945182853233520291e+04
-1.945072653970000101e+04 -1.945070715727745846e+04
-1.945134186499999851e+04 -1.945133079558661120e+04
-1.945132512570000108e+04 -1.945131306329106155e+04
-1.945073900409999987e+04 -1.945074051801182941e+04
-1.945050424990000101e+04 -1.945052122014389170e+04
-1.945047394709999935e+04 -1.945048949186710524e+04
-1.945118836110000120e+04 -1.945121582513121757e+04
-1.945064229649999834e+04 -1.945065319064444338e+04
-1.945128572219999842e+04 -1.945130169003878837e+04
-1.945145731069999965e+04 -1.945147289944736258e+04
-1.945006254959999933e+04 -1.945009932334236873e+04
-1.945239258500000142e+04 -1.945240301922968501e+04
-1.945184590309999840e+04 -1.945184968139982811e+04
-1.945096447730000000e+04 -1.945095370457393437e+04
-1.945186763770000107e+04 -1.945188105729115341e+04
-1.945103404619999856e+04 -1.945105664172564138e+04
-1.945197869590000118e+04 -1.945198078736360549e+04
-1.945003729179999937e+04 -1.945007872797249001e+04
-1.945122873510000136e+04 -1.945125706713711406e+04
-1.945047928279999905e+04 -1.945045007540070947e+04
-1.945238786790000086e+04 -1.945239648857364955e+04
-1.945072035279999909e+04 -1.945073101046086231e+04
-1.945246081459999914e+04 -1.945248333430660568e+04
-1.945030231350000031e+04 -1.945032803766407233e+04
-1.945173687240000072e+04 -1.945174063854171618e+04
-1.945191720939999868e+04 -1.945193246407476545e+04
-1.945159011889999965e+04 -1.945156401723638919e+04
-1.945256055579999884e+04 -1.945258480671325378e+04
-1.945143427470000097e+04 -1.945145163079138001e+04
-1.945063209400000051e+04 -1.945063641671661026e+04
-1.945136167629999909e+04 -1.945135163465513324e+04
-1.945154987279999841e+04 -1.945154494471175349e+04
-1.945076096840000173e+04 -1.945077969019323064e+04
-1.945030421149999893e+04 -1.945029089944228690e+04
-1.945080785319999995e+04 -1.945078874368518518e+04
-1.945105771449999884e+04 -1.945105295474957529e+04
-1.945095082660000116e+04 -1.945097717001556884e+04
-1.944812487150000015e+04 -1.944810742327954358e+04
-1.945191427280000062e+04 -1.945192678894968776e+04
-1.945211665290000019e+04 -1.945212083009349590e+04
-1.945176956870000140e+04 -1.945177554046616569e+04
-1.945064385649999895e+04 -1.945062439556660684e+04
