#  step      rmse_val    rmse_trn    rmse_e_val  rmse_e_trn    rmse_f_val  rmse_f_trn         lr
      0      1.41e+01    1.27e+01      3.50e-01    3.35e-01      4.45e-01    4.02e-01    1.0e-03
   1000      1.65e+00    1.71e+00      9.59e-02    9.78e-02      5.20e-02    5.40e-02    1.0e-03
   2000      1.21e+00    1.28e+00      4.74e-02    4.56e-02      3.83e-02    4.03e-02    1.0e-03
   3000      1.07e+00    1.14e+00      8.74e-02    8.89e-02      3.37e-02    3.60e-02    1.0e-03
   4000      9.39e-01    9.45e-01      4.93e-02    4.93e-02      2.96e-02    2.98e-02    1.0e-03
   5000      8.97e-01    1.10e+00      1.36e-02    1.41e-02      3.02e-02    3.72e-02    8.8e-04
   6000      8.47e-01    9.72e-01      2.08e-02    1.95e-02      2.85e-02    3.27e-02    8.8e-04
   7000      8.22e-01    9.02e-01      1.57e-02    1.51e-02      2.77e-02    3.04e-02    8.8e-04
   8000      7.61e-01    8.46e-01      1.46e-02    1.50e-02      2.56e-02    2.85e-02    8.8e-04
   9000      9.16e-01    8.04e-01      4.12e-03    3.16e-03      3.09e-02    2.71e-02    8.8e-04
  10000      5.78e-01    6.20e-01      1.79e-02    1.80e-02      2.06e-02    2.21e-02    7.7e-04
  11000      6.89e-01    7.19e-01      2.75e-02    2.55e-02      2.45e-02    2.56e-02    7.7e-04
  12000      6.52e-01    5.87e-01      2.69e-02    2.84e-02      2.31e-02    2.07e-02    7.7e-04
  13000      5.81e-01    7.53e-01      2.02e-02    2.02e-02      2.07e-02    2.69e-02    7.7e-04
  14000      7.01e-01    6.45e-01      7.96e-04    2.72e-04      2.52e-02    2.32e-02    7.7e-04
  15000      6.16e-01    6.07e-01      1.28e-02    1.33e-02      2.35e-02    2.31e-02    6.8e-04
  16000      6.42e-01    6.08e-01      2.59e-02    2.52e-02      2.42e-02    2.29e-02    6.8e-04
  17000      6.32e-01    6.66e-01      2.36e-03    2.37e-03      2.42e-02    2.55e-02    6.8e-04
  18000      5.94e-01    5.66e-01      2.09e-02    2.02e-02      2.25e-02    2.14e-02    6.8e-04
  19000      5.52e-01    5.09e-01      4.86e-04    1.61e-03      2.12e-02    1.95e-02    6.8e-04
  20000      4.76e-01    4.59e-01      8.26e-03    8.08e-03      1.94e-02    1.87e-02    6.0e-04
  21000      4.97e-01    5.18e-01      6.96e-03    4.95e-03      2.02e-02    2.11e-02    6.0e-04
  22000      4.65e-01    6.04e-01      7.43e-03    6.61e-03      1.89e-02    2.46e-02    6.0e-04
  23000      5.74e-01    5.19e-01      9.11e-03    9.18e-03      2.34e-02    2.11e-02    6.0e-04
  24000      5.12e-01    5.25e-01      3.57e-03    3.85e-03      2.09e-02    2.14e-02    6.0e-04
  25000      4.51e-01    4.31e-01      5.33e-03    4.92e-03      1.96e-02    1.87e-02    5.3e-04
  26000      4.87e-01    4.14e-01      4.86e-04    1.55e-03      2.12e-02    1.80e-02    5.3e-04
  27000      4.02e-01    3.78e-01      3.25e-03    3.05e-03      1.75e-02    1.65e-02    5.3e-04
  28000      4.43e-01    4.75e-01      4.89e-03    5.28e-03      1.92e-02    2.06e-02    5.3e-04
  29000      4.21e-01    4.47e-01      1.32e-03    5.53e-04      1.83e-02    1.95e-02    5.3e-04
  30000      3.91e-01    3.77e-01      7.20e-03    7.02e-03      1.81e-02    1.74e-02    4.6e-04
  31000      4.05e-01    4.19e-01      3.15e-04    7.87e-04      1.88e-02    1.94e-02    4.6e-04
  32000      3.90e-01    4.20e-01      4.01e-03    3.75e-03      1.81e-02    1.95e-02    4.6e-04
  33000      4.53e-01    4.55e-01      1.06e-02    9.10e-03      2.08e-02    2.10e-02    4.6e-04
  34000      4.37e-01    4.11e-01      8.32e-04    6.65e-04      2.03e-02    1.91e-02    4.6e-04
  35000      3.61e-01    3.66e-01      2.32e-03    1.74e-03      1.78e-02    1.81e-02    4.1e-04
  36000      3.60e-01    4.24e-01      5.23e-03    5.70e-03      1.78e-02    2.09e-02    4.1e-04
  37000      3.90e-01    3.80e-01      3.47e-03    3.89e-03      1.93e-02    1.88e-02    4.1e-04
  38000      4.15e-01    3.70e-01      6.12e-03    6.88e-03      2.05e-02    1.82e-02    4.1e-04
  39000      4.07e-01    3.82e-01      9.01e-03    8.55e-03      2.00e-02    1.87e-02    4.1e-04
  40000      3.61e-01    3.46e-01      7.21e-03    6.05e-03      1.89e-02    1.81e-02    3.6e-04
  41000      3.38e-01    3.50e-01      1.02e-02    8.73e-03      1.75e-02    1.82e-02    3.6e-04
  42000      3.68e-01    3.76e-01      1.61e-04    1.37e-03      1.94e-02    1.98e-02    3.6e-04
  43000      3.56e-01    3.39e-01      2.32e-03    2.36e-03      1.88e-02    1.79e-02    3.6e-04
  44000      3.14e-01    3.42e-01      4.60e-04    3.27e-04      1.66e-02    1.80e-02    3.6e-04
  45000      3.56e-01    2.72e-01      5.40e-04    3.07e-04      2.00e-02    1.53e-02    3.2e-04
  46000      3.54e-01    3.29e-01      3.25e-03    4.03e-03      1.99e-02    1.84e-02    3.2e-04
  47000      3.13e-01    3.15e-01      1.10e-03    8.28e-04      1.76e-02    1.77e-02    3.2e-04
  48000      3.28e-01    3.33e-01      2.05e-03    1.96e-03      1.84e-02    1.87e-02    3.2e-04
  49000      3.56e-01    3.62e-01      4.48e-03    4.67e-03      1.99e-02    2.03e-02    3.2e-04
  50000      3.17e-01    2.74e-01      4.84e-03    3.68e-03      1.89e-02    1.64e-02    2.8e-04
  51000      2.94e-01    2.97e-01      7.73e-03    7.52e-03      1.73e-02    1.75e-02    2.8e-04
  52000      2.68e-01    2.66e-01      4.50e-03    4.50e-03      1.59e-02    1.58e-02    2.8e-04
  53000      2.94e-01    3.02e-01      4.91e-03    5.35e-03      1.75e-02    1.80e-02    2.8e-04
  54000      3.04e-01    2.94e-01      4.98e-03    4.08e-03      1.81e-02    1.76e-02    2.8e-04
  55000      2.56e-01    2.81e-01      1.64e-03    5.09e-04      1.64e-02    1.80e-02    2.4e-04
  56000      2.86e-01    2.60e-01      1.71e-03    8.60e-04      1.83e-02    1.66e-02    2.4e-04
  57000      2.79e-01    2.68e-01      1.92e-03    2.19e-03      1.78e-02    1.71e-02    2.4e-04
  58000      3.08e-01    2.64e-01      3.71e-03    3.19e-03      1.96e-02    1.68e-02    2.4e-04
  59000      2.68e-01    2.74e-01      1.42e-03    5.50e-04      1.71e-02    1.75e-02    2.4e-04
  60000      2.77e-01    2.36e-01      3.88e-04    6.28e-04      1.89e-02    1.61e-02    2.1e-04
  61000      2.57e-01    2.78e-01      7.00e-04    8.26e-04      1.75e-02    1.89e-02    2.1e-04
  62000      2.42e-01    2.72e-01      3.97e-03    3.43e-03      1.64e-02    1.84e-02    2.1e-04
  63000      2.63e-01    2.81e-01      4.97e-03    4.45e-03      1.78e-02    1.90e-02    2.1e-04
  64000      2.45e-01    2.47e-01      6.75e-03    7.12e-03      1.64e-02    1.65e-02    2.1e-04
  65000      2.25e-01    2.37e-01      9.94e-06    2.37e-04      1.63e-02    1.72e-02    1.9e-04
  66000      2.27e-01    2.04e-01      2.42e-03    2.35e-03      1.64e-02    1.48e-02    1.9e-04
  67000      2.44e-01    2.22e-01      1.23e-03    1.36e-03      1.77e-02    1.61e-02    1.9e-04
  68000      2.37e-01    2.23e-01      2.66e-03    3.27e-03      1.72e-02    1.61e-02    1.9e-04
  69000      2.60e-01    2.25e-01      1.88e-03    1.45e-03      1.89e-02    1.63e-02    1.9e-04
  70000      2.19e-01    2.01e-01      5.16e-03    4.45e-03      1.67e-02    1.54e-02    1.7e-04
  71000      2.37e-01    2.15e-01      4.26e-03    4.18e-03      1.82e-02    1.65e-02    1.7e-04
  72000      2.34e-01    2.03e-01      5.76e-03    5.21e-03      1.78e-02    1.54e-02    1.7e-04
  73000      2.11e-01    2.24e-01      1.38e-03    1.58e-03      1.63e-02    1.73e-02    1.7e-04
  74000      2.06e-01    2.17e-01      9.04e-03    7.80e-03      1.51e-02    1.62e-02    1.7e-04
  75000      2.08e-01    1.94e-01      2.58e-03    2.21e-03      1.71e-02    1.59e-02    1.5e-04
  76000      1.95e-01    2.10e-01      6.06e-03    5.84e-03      1.57e-02    1.70e-02    1.5e-04
  77000      2.15e-01    2.02e-01      2.49e-03    2.61e-03      1.77e-02    1.66e-02    1.5e-04
  78000      2.17e-01    2.01e-01      1.16e-03    8.44e-04      1.79e-02    1.65e-02    1.5e-04
  79000      1.90e-01    1.96e-01      7.56e-04    1.66e-03      1.57e-02    1.61e-02    1.5e-04
  80000      2.21e-01    1.87e-01      1.85e-03    2.32e-03      1.94e-02    1.64e-02    1.3e-04
  81000      2.01e-01    1.77e-01      6.07e-03    5.60e-03      1.72e-02    1.52e-02    1.3e-04
  82000      1.89e-01    1.95e-01      2.04e-03    1.68e-03      1.65e-02    1.71e-02    1.3e-04
  83000      1.71e-01    1.81e-01      2.18e-03    1.96e-03      1.49e-02    1.59e-02    1.3e-04
  84000      1.87e-01    1.86e-01      1.14e-03    1.05e-03      1.64e-02    1.64e-02    1.3e-04
  85000      1.67e-01    1.66e-01      8.25e-04    7.59e-04      1.56e-02    1.55e-02    1.1e-04
  86000      1.86e-01    1.65e-01      2.11e-03    1.29e-03      1.74e-02    1.54e-02    1.1e-04
  87000      1.84e-01    1.75e-01      7.80e-04    1.48e-03      1.72e-02    1.64e-02    1.1e-04
  88000      1.70e-01    1.76e-01      5.14e-04    1.00e-03      1.59e-02    1.65e-02    1.1e-04
  89000      1.55e-01    1.78e-01      5.23e-05    1.91e-04      1.45e-02    1.66e-02    1.1e-04
  90000      1.69e-01    1.63e-01      1.39e-03    1.10e-03      1.68e-02    1.63e-02    9.9e-05
  91000      1.76e-01    1.62e-01      4.98e-04    5.67e-04      1.76e-02    1.61e-02    9.9e-05
  92000      1.66e-01    1.57e-01      4.93e-03    3.79e-03      1.62e-02    1.54e-02    9.9e-05
  93000      1.94e-01    1.55e-01      2.94e-03    1.29e-03      1.92e-02    1.54e-02    9.9e-05
  94000      1.62e-01    1.57e-01      3.79e-03    2.93e-03      1.59e-02    1.55e-02    9.9e-05
  95000      1.47e-01    1.53e-01      7.36e-04    3.71e-04      1.56e-02    1.63e-02    8.8e-05
  96000      1.53e-01    1.57e-01      1.43e-03    1.19e-03      1.62e-02    1.67e-02    8.8e-05
  97000      1.63e-01    1.48e-01      2.60e-03    1.23e-03      1.73e-02    1.57e-02    8.8e-05
  98000      1.42e-01    1.51e-01      3.86e-03    3.29e-03      1.48e-02    1.59e-02    8.8e-05
  99000      1.47e-01    1.37e-01      1.88e-03    1.09e-03      1.56e-02    1.46e-02    8.8e-05
 100000      1.55e-01    1.49e-01      1.30e-03    1.80e-03      1.76e-02    1.68e-02    7.7e-05
 101000      1.59e-01    1.40e-01      3.27e-03    2.54e-03      1.78e-02    1.57e-02    7.7e-05
 102000      1.47e-01    1.46e-01      3.65e-03    3.39e-03      1.64e-02    1.63e-02    7.7e-05
 103000      1.45e-01    1.36e-01      6.20e-05    6.41e-04      1.64e-02    1.54e-02    7.7e-05
 104000      1.47e-01    1.40e-01      2.20e-04    8.61e-05      1.66e-02    1.58e-02    7.7e-05
 105000      1.62e-01    1.37e-01      1.94e-03    1.94e-03      1.95e-02    1.64e-02    6.8e-05
 106000      1.40e-01    1.34e-01      9.60e-04    5.87e-04      1.69e-02    1.61e-02    6.8e-05
 107000      1.28e-01    1.31e-01      2.87e-04    1.08e-03      1.55e-02    1.58e-02    6.8e-05
 108000      1.34e-01    1.25e-01      3.04e-03    2.65e-03      1.60e-02    1.48e-02    6.8e-05
 109000      1.45e-01    1.32e-01      2.02e-03    1.32e-03      1.74e-02    1.58e-02    6.8e-05
 110000      1.15e-01    1.19e-01      1.28e-03    1.36e-03      1.47e-02    1.52e-02    6.0e-05
 111000      1.26e-01    1.22e-01      2.67e-04    1.43e-04      1.62e-02    1.57e-02    6.0e-05
 112000      1.22e-01    1.28e-01      1.74e-03    8.13e-04      1.56e-02    1.65e-02    6.0e-05
 113000      1.24e-01    1.28e-01      1.60e-03    1.59e-03      1.59e-02    1.63e-02    6.0e-05
 114000      1.20e-01    1.26e-01      1.43e-03    9.96e-04      1.54e-02    1.62e-02    6.0e-05
 115000      1.15e-01    1.40e-01      3.99e-04    1.14e-03      1.57e-02    1.91e-02    5.2e-05
 116000      1.11e-01    1.14e-01      3.01e-04    6.03e-05      1.53e-02    1.56e-02    5.2e-05
 117000      1.18e-01    1.17e-01      8.82e-04    2.43e-04      1.62e-02    1.60e-02    5.2e-05
 118000      1.16e-01    1.16e-01      2.76e-03    1.91e-03      1.57e-02    1.57e-02    5.2e-05
 119000      1.09e-01    1.06e-01      2.65e-03    1.86e-03      1.47e-02    1.44e-02    5.2e-05
 120000      9.94e-02    1.06e-01      1.55e-03    1.92e-03      1.44e-02    1.53e-02    4.6e-05
 121000      1.12e-01    1.08e-01      1.25e-03    7.38e-04      1.63e-02    1.58e-02    4.6e-05
 122000      1.17e-01    1.08e-01      1.25e-03    7.40e-04      1.69e-02    1.58e-02    4.6e-05
 123000      1.14e-01    1.13e-01      2.41e-03    1.56e-03      1.64e-02    1.64e-02    4.6e-05
 124000      1.16e-01    9.91e-02      1.78e-03    7.91e-04      1.68e-02    1.44e-02    4.6e-05
 125000      1.01e-01    1.09e-01      2.30e-03    1.91e-03      1.54e-02    1.67e-02    4.1e-05
 126000      1.12e-01    9.92e-02      5.33e-04    7.83e-04      1.74e-02    1.54e-02    4.1e-05
 127000      1.02e-01    9.79e-02      9.43e-04    8.23e-04      1.58e-02    1.52e-02    4.1e-05
 128000      1.02e-01    1.06e-01      3.24e-04    1.75e-04      1.58e-02    1.65e-02    4.1e-05
 129000      1.04e-01    1.05e-01      5.19e-04    5.98e-04      1.62e-02    1.62e-02    4.1e-05
 130000      9.43e-02    9.46e-02      9.08e-05    4.26e-04      1.56e-02    1.56e-02    3.6e-05
 131000      9.24e-02    9.40e-02      4.37e-04    1.48e-03      1.53e-02    1.54e-02    3.6e-05
 132000      8.88e-02    9.75e-02      2.95e-03    1.50e-03      1.42e-02    1.60e-02    3.6e-05
 133000      9.88e-02    9.49e-02      2.82e-03    2.55e-03      1.59e-02    1.53e-02    3.6e-05
 134000      9.82e-02    9.82e-02      1.93e-03    1.64e-03      1.60e-02    1.61e-02    3.6e-05
 135000      8.98e-02    9.11e-02      1.79e-03    1.91e-03      1.56e-02    1.58e-02    3.1e-05
 136000      8.73e-02    9.01e-02      1.41e-03    1.35e-03      1.52e-02    1.57e-02    3.1e-05
 137000      9.05e-02    1.05e-01      2.83e-03    1.42e-03      1.54e-02    1.83e-02    3.1e-05
 138000      8.56e-02    8.93e-02      3.61e-03    2.74e-03      1.42e-02    1.52e-02    3.1e-05
 139000      8.85e-02    1.06e-01      5.18e-04    3.22e-04      1.55e-02    1.86e-02    3.1e-05
 140000      8.59e-02    8.12e-02      3.23e-04    5.63e-04      1.61e-02    1.52e-02    2.8e-05
 141000      8.10e-02    8.78e-02      6.26e-04    4.88e-04      1.51e-02    1.64e-02    2.8e-05
 142000      8.12e-02    8.07e-02      2.07e-04    2.30e-04      1.52e-02    1.51e-02    2.8e-05
 143000      8.85e-02    8.47e-02      6.00e-04    5.95e-04      1.65e-02    1.58e-02    2.8e-05
 144000      8.16e-02    7.53e-02      4.22e-05    3.18e-04      1.53e-02    1.41e-02    2.8e-05
 145000      8.55e-02    8.11e-02      4.92e-04    8.58e-04      1.70e-02    1.61e-02    2.4e-05
 146000      8.12e-02    7.70e-02      2.20e-03    2.46e-03      1.58e-02    1.48e-02    2.4e-05
 147000      8.53e-02    7.78e-02      1.43e-04    2.90e-04      1.70e-02    1.55e-02    2.4e-05
 148000      8.12e-02    7.65e-02      1.14e-03    1.32e-04      1.61e-02    1.52e-02    2.4e-05
 149000      7.75e-02    8.41e-02      2.82e-04    4.32e-04      1.54e-02    1.67e-02    2.4e-05
 150000      7.55e-02    7.70e-02      2.30e-03    2.28e-03      1.55e-02    1.58e-02    2.1e-05
 151000      6.81e-02    7.73e-02      1.41e-03    1.23e-03      1.42e-02    1.62e-02    2.1e-05
 152000      7.21e-02    7.52e-02      1.65e-04    1.29e-05      1.53e-02    1.59e-02    2.1e-05
 153000      7.04e-02    6.88e-02      5.86e-04    2.89e-04      1.49e-02    1.46e-02    2.1e-05
 154000      7.36e-02    7.45e-02      1.61e-03    1.62e-03      1.53e-02    1.55e-02    2.1e-05
 155000      7.46e-02    6.88e-02      9.72e-04    9.44e-04      1.67e-02    1.54e-02    1.9e-05
 156000      6.59e-02    7.19e-02      1.55e-03    5.85e-04      1.46e-02    1.61e-02    1.9e-05
 157000      6.53e-02    7.13e-02      5.67e-04    8.40e-04      1.46e-02    1.60e-02    1.9e-05
 158000      6.25e-02    6.99e-02      3.55e-04    4.46e-04      1.40e-02    1.57e-02    1.9e-05
 159000      7.08e-02    7.26e-02      1.05e-04    2.71e-04      1.59e-02    1.63e-02    1.9e-05
 160000      6.01e-02    6.08e-02      6.46e-04    1.57e-03      1.43e-02    1.42e-02    1.7e-05
 161000      6.89e-02    5.78e-02      3.32e-04    2.23e-05      1.64e-02    1.38e-02    1.7e-05
 162000      6.32e-02    5.94e-02      8.13e-04    8.59e-04      1.50e-02    1.41e-02    1.7e-05
 163000      6.96e-02    6.06e-02      1.49e-03    3.62e-04      1.64e-02    1.45e-02    1.7e-05
 164000      6.55e-02    5.83e-02      7.36e-04    6.19e-04      1.56e-02    1.39e-02    1.7e-05
 165000      5.81e-02    6.18e-02      1.60e-03    1.29e-03      1.44e-02    1.55e-02    1.5e-05
 166000      6.37e-02    5.81e-02      1.20e-03    6.36e-04      1.60e-02    1.47e-02    1.5e-05
 167000      5.63e-02    6.09e-02      2.01e-03    1.32e-03      1.37e-02    1.52e-02    1.5e-05
 168000      6.29e-02    6.32e-02      2.52e-04    3.83e-04      1.60e-02    1.60e-02    1.5e-05
 169000      5.42e-02    7.10e-02      1.19e-03    7.43e-04      1.36e-02    1.80e-02    1.5e-05
 170000      5.27e-02    5.62e-02      5.57e-05    7.83e-04      1.42e-02    1.51e-02    1.3e-05
 171000      5.96e-02    5.65e-02      1.05e-04    4.64e-04      1.61e-02    1.52e-02    1.3e-05
 172000      5.58e-02    5.61e-02      6.99e-04    4.94e-04      1.50e-02    1.51e-02    1.3e-05
 173000      6.38e-02    5.45e-02      9.67e-04    9.30e-04      1.71e-02    1.46e-02    1.3e-05
 174000      6.04e-02    5.97e-02      3.45e-04    5.71e-05      1.63e-02    1.61e-02    1.3e-05
 175000      5.41e-02    5.00e-02      6.70e-04    7.08e-04      1.54e-02    1.42e-02    1.1e-05
 176000      5.46e-02    5.33e-02      8.16e-04    2.78e-04      1.55e-02    1.52e-02    1.1e-05
 177000      5.59e-02    5.47e-02      2.88e-04    8.87e-04      1.60e-02    1.55e-02    1.1e-05
 178000      6.00e-02    4.80e-02      4.18e-04    9.05e-04      1.71e-02    1.36e-02    1.1e-05
 179000      5.33e-02    5.61e-02      9.24e-04    1.01e-03      1.51e-02    1.59e-02    1.1e-05
 180000      5.11e-02    5.14e-02      1.31e-03    8.04e-04      1.51e-02    1.55e-02    9.9e-06
 181000      5.20e-02    5.45e-02      3.58e-04    8.05e-04      1.58e-02    1.64e-02    9.9e-06
 182000      4.93e-02    5.23e-02      7.17e-04    1.55e-03      1.48e-02    1.54e-02    9.9e-06
 183000      5.25e-02    5.09e-02      2.14e-04    3.48e-04      1.59e-02    1.54e-02    9.9e-06
 184000      5.18e-02    5.18e-02      4.26e-04    5.42e-05      1.57e-02    1.57e-02    9.9e-06
 185000      5.21e-02    4.42e-02      7.79e-04    1.18e-04      1.66e-02    1.42e-02    8.7e-06
 186000      4.67e-02    4.68e-02      3.42e-04    5.50e-04      1.50e-02    1.50e-02    8.7e-06
 187000      5.00e-02    4.64e-02      4.03e-04    6.33e-04      1.60e-02    1.48e-02    8.7e-06
 188000      5.21e-02    4.80e-02      1.17e-04    3.55e-04      1.67e-02    1.54e-02    8.7e-06
 189000      4.91e-02    5.02e-02      4.47e-04    2.46e-04      1.57e-02    1.61e-02    8.7e-06
 190000      4.63e-02    4.23e-02      1.54e-03    9.63e-04      1.52e-02    1.42e-02    7.7e-06
 191000      4.55e-02    4.17e-02      6.51e-04    6.78e-04      1.54e-02    1.40e-02    7.7e-06
 192000      4.75e-02    4.51e-02      1.14e-03    1.14e-03      1.59e-02    1.50e-02    7.7e-06
 193000      4.57e-02    4.94e-02      9.07e-05    2.26e-04      1.56e-02    1.68e-02    7.7e-06
 194000      4.37e-02    4.66e-02      5.30e-04    4.05e-04      1.48e-02    1.58e-02    7.7e-06
 195000      4.67e-02    4.65e-02      2.36e-04    5.17e-04      1.68e-02    1.67e-02    6.7e-06
 196000      4.23e-02    4.49e-02      6.38e-04    1.01e-03      1.51e-02    1.59e-02    6.7e-06
 197000      4.05e-02    4.25e-02      5.05e-05    2.63e-04      1.46e-02    1.53e-02    6.7e-06
 198000      4.45e-02    4.25e-02      4.33e-04    3.63e-04      1.60e-02    1.52e-02    6.7e-06
 199000      4.30e-02    4.25e-02      2.92e-04    6.81e-05      1.55e-02    1.53e-02    6.7e-06
 200000      4.05e-02    4.02e-02      8.34e-05    3.14e-04      1.54e-02    1.53e-02    5.9e-06
 201000      3.78e-02    4.26e-02      4.48e-04    1.84e-04      1.43e-02    1.62e-02    5.9e-06
 202000      3.96e-02    4.11e-02      3.94e-04    6.25e-04      1.50e-02    1.55e-02    5.9e-06
 203000      4.10e-02    4.34e-02      3.19e-04    5.69e-04      1.55e-02    1.64e-02    5.9e-06
 204000      4.08e-02    3.88e-02      3.02e-04    4.83e-04      1.55e-02    1.47e-02    5.9e-06
 205000      3.83e-02    3.74e-02      9.47e-05    2.95e-04      1.54e-02    1.50e-02    5.2e-06
 206000      4.10e-02    3.85e-02      5.49e-04    9.65e-04      1.64e-02    1.52e-02    5.2e-06
 207000      3.90e-02    4.02e-02      1.77e-04    2.51e-04      1.57e-02    1.61e-02    5.2e-06
 208000      4.18e-02    4.13e-02      4.19e-05    6.02e-04      1.68e-02    1.65e-02    5.2e-06
 209000      3.77e-02    3.85e-02      3.71e-04    6.16e-04      1.51e-02    1.53e-02    5.2e-06
 210000      4.04e-02    3.85e-02      9.37e-04    1.85e-04      1.68e-02    1.63e-02    4.6e-06
 211000      3.57e-02    4.08e-02      1.07e-04    9.74e-05      1.51e-02    1.73e-02    4.6e-06
 212000      4.06e-02    4.22e-02      3.74e-04    3.55e-04      1.72e-02    1.78e-02    4.6e-06
 213000      3.37e-02    3.57e-02      4.40e-04    4.28e-04      1.42e-02    1.50e-02    4.6e-06
 214000      4.50e-02    3.56e-02      1.95e-04    1.66e-04      1.91e-02    1.50e-02    4.6e-06
 215000      3.73e-02    3.71e-02      6.22e-04    4.17e-05      1.65e-02    1.66e-02    4.0e-06
 216000      3.63e-02    3.47e-02      8.09e-04    6.91e-04      1.59e-02    1.53e-02    4.0e-06
 217000      3.87e-02    3.41e-02      4.68e-04    1.90e-05      1.72e-02    1.52e-02    4.0e-06
 218000      3.58e-02    3.62e-02      1.41e-04    9.35e-05      1.60e-02    1.61e-02    4.0e-06
 219000      3.41e-02    3.46e-02      4.90e-04    6.78e-04      1.51e-02    1.52e-02    4.0e-06
 220000      3.18e-02    3.51e-02      1.38e-04    3.01e-05      1.49e-02    1.65e-02    3.5e-06
 221000      3.58e-02    3.25e-02      4.85e-04    3.37e-04      1.67e-02    1.52e-02    3.5e-06
 222000      3.36e-02    3.08e-02      1.24e-05    2.86e-04      1.58e-02    1.44e-02    3.5e-06
 223000      3.36e-02    3.27e-02      6.90e-04    3.71e-04      1.56e-02    1.53e-02    3.5e-06
 224000      3.39e-02    3.32e-02      3.27e-04    6.01e-04      1.58e-02    1.54e-02    3.5e-06
 225000      3.15e-02    3.22e-02      6.56e-04    7.67e-04      1.53e-02    1.56e-02    3.1e-06
 226000      3.46e-02    3.30e-02      7.80e-04    5.41e-04      1.68e-02    1.61e-02    3.1e-06
 227000      2.79e-02    2.82e-02      5.21e-04    5.35e-04      1.36e-02    1.37e-02    3.1e-06
 228000      3.18e-02    3.06e-02      4.51e-04    1.44e-04      1.56e-02    1.51e-02    3.1e-06
 229000      3.31e-02    3.07e-02      1.17e-03    2.95e-05      1.56e-02    1.51e-02    3.1e-06
 230000      2.96e-02    3.02e-02      7.14e-05    4.18e-04      1.53e-02    1.55e-02    2.7e-06
 231000      2.90e-02    2.96e-02      2.08e-04    1.09e-04      1.50e-02    1.53e-02    2.7e-06
 232000      3.02e-02    2.97e-02      2.36e-04    6.06e-05      1.56e-02    1.54e-02    2.7e-06
 233000      3.24e-02    2.99e-02      8.81e-04    6.47e-04      1.63e-02    1.52e-02    2.7e-06
 234000      2.95e-02    3.08e-02      5.53e-04    6.73e-04      1.51e-02    1.57e-02    2.7e-06
 235000      2.75e-02    2.69e-02      5.84e-04    1.22e-06      1.47e-02    1.46e-02    2.4e-06
 236000      2.90e-02    3.08e-02      4.16e-04    1.74e-04      1.56e-02    1.67e-02    2.4e-06
 237000      2.91e-02    3.08e-02      9.21e-05    3.61e-04      1.57e-02    1.66e-02    2.4e-06
 238000      2.65e-02    3.21e-02      6.87e-04    4.82e-04      1.40e-02    1.72e-02    2.4e-06
 239000      2.83e-02    2.73e-02      5.03e-04    8.97e-04      1.51e-02    1.43e-02    2.4e-06
 240000      2.82e-02    2.78e-02      4.53e-04    4.88e-04      1.58e-02    1.56e-02    2.1e-06
 241000      2.75e-02    2.52e-02      5.68e-04    1.09e-04      1.54e-02    1.43e-02    2.1e-06
 242000      2.59e-02    2.72e-02      3.84e-04    6.34e-04      1.46e-02    1.51e-02    2.1e-06
 243000      2.58e-02    3.08e-02      5.23e-04    5.80e-04      1.44e-02    1.73e-02    2.1e-06
 244000      2.87e-02    2.76e-02      8.20e-05    5.48e-04      1.63e-02    1.54e-02    2.1e-06
 245000      2.79e-02    2.58e-02      2.55e-04    8.14e-05      1.65e-02    1.52e-02    1.9e-06
 246000      2.69e-02    2.74e-02      2.04e-04    9.71e-05      1.59e-02    1.62e-02    1.9e-06
 247000      2.56e-02    2.57e-02      6.17e-04    4.16e-04      1.48e-02    1.51e-02    1.9e-06
 248000      2.61e-02    2.69e-02      1.08e-04    8.94e-04      1.54e-02    1.53e-02    1.9e-06
 249000      2.66e-02    2.77e-02      1.77e-04    1.78e-04      1.57e-02    1.63e-02    1.9e-06
 250000      2.65e-02    2.65e-02      6.03e-04    4.00e-04      1.60e-02    1.62e-02    1.6e-06
 251000      2.36e-02    2.49e-02      6.34e-04    2.01e-04      1.42e-02    1.53e-02    1.6e-06
 252000      2.60e-02    2.29e-02      7.68e-05    1.68e-04      1.60e-02    1.40e-02    1.6e-06
 253000      2.45e-02    2.30e-02      3.15e-05    1.69e-05      1.51e-02    1.41e-02    1.6e-06
 254000      2.61e-02    2.60e-02      3.76e-04    1.10e-04      1.60e-02    1.60e-02    1.6e-06
 255000      2.42e-02    2.41e-02      4.53e-04    8.37e-05      1.53e-02    1.54e-02    1.4e-06
 256000      2.49e-02    2.47e-02      6.12e-04    5.83e-04      1.56e-02    1.55e-02    1.4e-06
 257000      2.31e-02    2.57e-02      9.73e-06    3.77e-04      1.48e-02    1.64e-02    1.4e-06
 258000      2.45e-02    2.30e-02      5.79e-04    1.16e-05      1.54e-02    1.47e-02    1.4e-06
 259000      2.23e-02    2.22e-02      1.19e-04    3.80e-04      1.42e-02    1.41e-02    1.4e-06
 260000      2.25e-02    2.49e-02      2.43e-05    4.40e-04      1.50e-02    1.63e-02    1.3e-06
 261000      2.51e-02    2.46e-02      3.51e-05    4.54e-04      1.67e-02    1.61e-02    1.3e-06
 262000      2.33e-02    2.41e-02      1.13e-04    4.23e-04      1.55e-02    1.58e-02    1.3e-06
 263000      2.23e-02    2.31e-02      4.55e-04    2.54e-04      1.46e-02    1.52e-02    1.3e-06
 264000      2.32e-02    2.29e-02      2.33e-05    2.85e-04      1.54e-02    1.51e-02    1.3e-06
 265000      2.26e-02    2.09e-02      7.35e-04    7.45e-05      1.50e-02    1.43e-02    1.1e-06
 266000      2.13e-02    2.19e-02      9.68e-05    1.67e-04      1.46e-02    1.50e-02    1.1e-06
 267000      2.42e-02    2.29e-02      1.08e-04    4.74e-04      1.66e-02    1.55e-02    1.1e-06
 268000      2.33e-02    2.33e-02      2.10e-04    1.80e-04      1.59e-02    1.60e-02    1.1e-06
 269000      2.38e-02    2.29e-02      3.34e-04    5.56e-04      1.63e-02    1.54e-02    1.1e-06
 270000      2.14e-02    2.14e-02      3.12e-04    4.30e-04      1.51e-02    1.50e-02    9.8e-07
 271000      2.29e-02    2.05e-02      2.64e-04    9.75e-05      1.62e-02    1.45e-02    9.8e-07
 272000      2.17e-02    2.14e-02      4.77e-04    5.62e-04      1.52e-02    1.49e-02    9.8e-07
 273000      2.21e-02    2.03e-02      2.22e-04    4.97e-04      1.56e-02    1.42e-02    9.8e-07
 274000      2.25e-02    2.08e-02      3.13e-05    5.53e-04      1.60e-02    1.45e-02    9.8e-07
 275000      2.13e-02    2.21e-02      9.98e-05    3.80e-04      1.56e-02    1.61e-02    8.7e-07
 276000      2.08e-02    2.12e-02      1.21e-04    3.23e-04      1.52e-02    1.54e-02    8.7e-07
 277000      2.19e-02    2.05e-02      3.52e-04    2.60e-05      1.59e-02    1.50e-02    8.7e-07
 278000      2.15e-02    2.09e-02      3.38e-04    6.05e-04      1.57e-02    1.49e-02    8.7e-07
 279000      2.16e-02    1.99e-02      1.13e-04    6.05e-04      1.58e-02    1.42e-02    8.7e-07
 280000      2.16e-02    2.23e-02      5.42e-04    1.11e-03      1.59e-02    1.54e-02    7.6e-07
 281000      2.09e-02    2.09e-02      2.84e-05    2.56e-05      1.58e-02    1.58e-02    7.6e-07
 282000      2.14e-02    2.01e-02      4.08e-04    1.39e-04      1.60e-02    1.51e-02    7.6e-07
 283000      2.02e-02    2.02e-02      1.00e-04    1.03e-04      1.52e-02    1.52e-02    7.6e-07
 284000      1.92e-02    2.04e-02      3.60e-04    5.35e-04      1.43e-02    1.50e-02    7.6e-07
 285000      2.12e-02    1.97e-02      4.37e-04    3.77e-04      1.62e-02    1.51e-02    6.7e-07
 286000      1.96e-02    2.23e-02      4.99e-04    1.43e-04      1.49e-02    1.72e-02    6.7e-07
 287000      2.02e-02    1.76e-02      2.74e-04    1.81e-04      1.55e-02    1.36e-02    6.7e-07
 288000      2.08e-02    2.21e-02      1.12e-04    2.22e-04      1.61e-02    1.70e-02    6.7e-07
 289000      2.28e-02    2.06e-02      4.62e-04    2.55e-05      1.74e-02    1.59e-02    6.7e-07
 290000      1.87e-02    1.90e-02      4.94e-04    4.07e-04      1.45e-02    1.48e-02    5.9e-07
 291000      1.94e-02    1.77e-02      3.10e-04    4.13e-04      1.53e-02    1.38e-02    5.9e-07
 292000      1.93e-02    1.92e-02      5.10e-04    2.89e-04      1.50e-02    1.51e-02    5.9e-07
 293000      1.80e-02    2.10e-02      2.89e-04    2.51e-04      1.42e-02    1.66e-02    5.9e-07
 294000      2.13e-02    1.82e-02      9.24e-05    7.67e-06      1.69e-02    1.44e-02    5.9e-07
 295000      1.67e-02    2.13e-02      2.99e-05    1.48e-05      1.36e-02    1.72e-02    5.2e-07
 296000      1.96e-02    1.82e-02      6.14e-04    2.28e-04      1.54e-02    1.47e-02    5.2e-07
 297000      2.07e-02    1.81e-02      2.33e-04    2.01e-04      1.67e-02    1.46e-02    5.2e-07
 298000      1.85e-02    1.74e-02      7.53e-04    9.28e-05      1.42e-02    1.41e-02    5.2e-07
 299000      1.87e-02    1.86e-02      2.37e-04    2.11e-04      1.51e-02    1.51e-02    5.2e-07
 300000      1.92e-02    1.86e-02      3.75e-04    2.43e-04      1.57e-02    1.53e-02    4.6e-07
 301000      1.80e-02    1.93e-02      3.93e-04    8.48e-05      1.47e-02    1.60e-02    4.6e-07
 302000      1.94e-02    1.82e-02      2.42e-04    5.49e-06      1.60e-02    1.51e-02    4.6e-07
 303000      1.85e-02    1.70e-02      5.23e-04    3.22e-04      1.49e-02    1.40e-02    4.6e-07
 304000      1.93e-02    1.94e-02      3.94e-04    2.70e-04      1.57e-02    1.60e-02    4.6e-07
 305000      1.83e-02    1.73e-02      7.91e-05    3.52e-04      1.55e-02    1.44e-02    4.0e-07
 306000      1.61e-02    1.90e-02      8.13e-05    3.03e-04      1.36e-02    1.59e-02    4.0e-07
 307000      1.76e-02    1.86e-02      1.89e-04    1.68e-04      1.48e-02    1.57e-02    4.0e-07
 308000      1.80e-02    1.88e-02      2.47e-04    2.47e-04      1.51e-02    1.58e-02    4.0e-07
 309000      1.81e-02    1.80e-02      4.30e-04    2.07e-04      1.50e-02    1.52e-02    4.0e-07
 310000      1.74e-02    1.80e-02      7.72e-05    3.08e-04      1.50e-02    1.53e-02    3.5e-07
 311000      1.80e-02    1.87e-02      1.09e-04    6.23e-05      1.55e-02    1.60e-02    3.5e-07
 312000      1.75e-02    1.81e-02      1.22e-04    1.37e-04      1.50e-02    1.55e-02    3.5e-07
 313000      1.78e-02    1.81e-02      1.86e-05    1.25e-04      1.53e-02    1.55e-02    3.5e-07
 314000      1.74e-02    1.81e-02      7.11e-04    1.78e-04      1.42e-02    1.55e-02    3.5e-07
 315000      1.83e-02    1.69e-02      4.32e-04    3.98e-04      1.57e-02    1.45e-02    3.1e-07
 316000      1.72e-02    1.78e-02      4.87e-05    1.50e-04      1.51e-02    1.55e-02    3.1e-07
 317000      1.94e-02    1.79e-02      1.37e-04    5.17e-04      1.69e-02    1.52e-02    3.1e-07
 318000      1.71e-02    1.65e-02      6.69e-04    1.21e-04      1.42e-02    1.44e-02    3.1e-07
 319000      1.72e-02    1.71e-02      2.94e-04    3.21e-04      1.49e-02    1.48e-02    3.1e-07
 320000      1.78e-02    1.59e-02      6.23e-05    1.41e-04      1.58e-02    1.41e-02    2.7e-07
 321000      1.71e-02    1.74e-02      1.95e-04    3.37e-04      1.51e-02    1.52e-02    2.7e-07
 322000      1.90e-02    1.67e-02      3.03e-04    3.39e-05      1.67e-02    1.48e-02    2.7e-07
 323000      1.76e-02    1.82e-02      6.38e-05    3.10e-04      1.56e-02    1.59e-02    2.7e-07
 324000      1.97e-02    1.73e-02      4.78e-04    1.42e-04      1.72e-02    1.53e-02    2.7e-07
 325000      1.83e-02    1.71e-02      4.10e-05    4.28e-04      1.65e-02    1.50e-02    2.4e-07
 326000      1.64e-02    1.77e-02      5.47e-04    5.23e-04      1.42e-02    1.54e-02    2.4e-07
 327000      1.60e-02    1.84e-02      2.17e-04    1.41e-04      1.43e-02    1.65e-02    2.4e-07
 328000      1.78e-02    1.62e-02      4.10e-05    2.69e-04      1.60e-02    1.44e-02    2.4e-07
 329000      1.78e-02    1.80e-02      5.31e-05    5.96e-04      1.60e-02    1.56e-02    2.4e-07
 330000      1.77e-02    1.50e-02      2.98e-04    4.34e-05      1.59e-02    1.36e-02    2.1e-07
 331000      1.77e-02    1.80e-02      2.99e-04    6.41e-04      1.60e-02    1.57e-02    2.1e-07
 332000      1.74e-02    1.74e-02      2.13e-04    6.04e-04      1.58e-02    1.52e-02    2.1e-07
 333000      1.65e-02    1.53e-02      1.03e-05    1.90e-04      1.50e-02    1.38e-02    2.1e-07
 334000      1.76e-02    1.68e-02      1.39e-04    8.15e-06      1.59e-02    1.53e-02    2.1e-07
 335000      1.69e-02    1.69e-02      1.42e-04    9.95e-05      1.55e-02    1.55e-02    1.9e-07
 336000      1.67e-02    1.49e-02      3.03e-05    4.21e-05      1.53e-02    1.37e-02    1.9e-07
 337000      1.70e-02    1.82e-02      2.79e-04    8.47e-06      1.55e-02    1.67e-02    1.9e-07
 338000      1.74e-02    1.76e-02      6.19e-04    3.09e-05      1.54e-02    1.62e-02    1.9e-07
 339000      1.74e-02    1.69e-02      1.47e-04    1.93e-04      1.59e-02    1.54e-02    1.9e-07
 340000      1.80e-02    1.78e-02      3.90e-05    4.53e-04      1.67e-02    1.62e-02    1.6e-07
 341000      1.77e-02    1.52e-02      1.65e-04    7.91e-05      1.63e-02    1.41e-02    1.6e-07
 342000      1.68e-02    1.66e-02      1.90e-04    1.63e-04      1.55e-02    1.53e-02    1.6e-07
 343000      1.82e-02    1.65e-02      3.25e-04    8.79e-06      1.67e-02    1.53e-02    1.6e-07
 344000      1.72e-02    1.58e-02      1.75e-04    4.18e-04      1.59e-02    1.43e-02    1.6e-07
 345000      1.53e-02    1.59e-02      1.07e-05    4.18e-04      1.43e-02    1.46e-02    1.4e-07
 346000      1.71e-02    1.74e-02      6.54e-05    3.01e-05      1.60e-02    1.63e-02    1.4e-07
 347000      1.45e-02    1.72e-02      1.81e-05    6.90e-06      1.36e-02    1.60e-02    1.4e-07
 348000      1.76e-02    1.52e-02      2.76e-04    2.02e-04      1.64e-02    1.42e-02    1.4e-07
 349000      1.77e-02    1.63e-02      1.29e-04    1.79e-04      1.65e-02    1.52e-02    1.4e-07
 350000      1.53e-02    1.72e-02      5.78e-05    5.97e-04      1.44e-02    1.56e-02    1.3e-07
 351000      1.69e-02    1.68e-02      1.41e-04    4.42e-04      1.59e-02    1.55e-02    1.3e-07
 352000      1.68e-02    1.63e-02      5.61e-04    1.89e-05      1.52e-02    1.54e-02    1.3e-07
 353000      2.03e-02    1.71e-02      2.60e-04    7.25e-05      1.90e-02    1.61e-02    1.3e-07
 354000      1.66e-02    1.68e-02      9.37e-05    2.79e-04      1.57e-02    1.57e-02    1.3e-07
 355000      1.58e-02    1.62e-02      2.35e-04    1.69e-04      1.49e-02    1.53e-02    1.1e-07
 356000      1.66e-02    1.50e-02      5.15e-04    1.62e-04      1.53e-02    1.41e-02    1.1e-07
 357000      1.56e-02    1.64e-02      5.22e-04    2.50e-04      1.43e-02    1.54e-02    1.1e-07
 358000      1.67e-02    1.70e-02      4.09e-04    1.07e-04      1.55e-02    1.61e-02    1.1e-07
 359000      1.70e-02    1.53e-02      2.62e-04    3.56e-04      1.60e-02    1.42e-02    1.1e-07
 360000      1.57e-02    1.59e-02      8.03e-06    1.21e-04      1.50e-02    1.51e-02    9.8e-08
 361000      1.62e-02    1.51e-02      1.29e-04    1.60e-04      1.54e-02    1.43e-02    9.8e-08
 362000      1.54e-02    1.42e-02      2.12e-04    9.85e-06      1.46e-02    1.36e-02    9.8e-08
 363000      1.62e-02    1.66e-02      6.00e-05    3.26e-04      1.54e-02    1.57e-02    9.8e-08
 364000      1.67e-02    1.63e-02      2.74e-04    2.47e-04      1.58e-02    1.55e-02    9.8e-08
 365000      1.53e-02    1.59e-02      2.21e-04    9.42e-05      1.46e-02    1.52e-02    8.6e-08
 366000      1.58e-02    1.58e-02      2.43e-05    4.41e-04      1.52e-02    1.48e-02    8.6e-08
 367000      1.57e-02    1.70e-02      9.97e-05    4.43e-05      1.51e-02    1.63e-02    8.6e-08
 368000      1.63e-02    1.68e-02      1.20e-04    7.65e-05      1.57e-02    1.61e-02    8.6e-08
 369000      1.78e-02    1.51e-02      4.08e-04    1.05e-04      1.68e-02    1.44e-02    8.6e-08
 370000      1.68e-02    1.65e-02      1.95e-05    9.73e-05      1.62e-02    1.59e-02    7.6e-08
 371000      1.78e-02    1.61e-02      1.06e-04    1.04e-04      1.71e-02    1.55e-02    7.6e-08
 372000      1.67e-02    1.61e-02      7.23e-05    1.19e-04      1.61e-02    1.55e-02    7.6e-08
 373000      1.47e-02    1.71e-02      2.34e-04    2.35e-04      1.41e-02    1.64e-02    7.6e-08
 374000      1.69e-02    1.55e-02      1.37e-04    3.85e-04      1.63e-02    1.47e-02    7.6e-08
 375000      1.66e-02    1.54e-02      2.68e-04    5.37e-04      1.59e-02    1.43e-02    6.7e-08
 376000      1.56e-02    1.43e-02      1.55e-04    1.66e-04      1.51e-02    1.38e-02    6.7e-08
 377000      1.51e-02    1.57e-02      4.49e-04    3.59e-04      1.42e-02    1.50e-02    6.7e-08
 378000      1.68e-02    1.59e-02      5.22e-04    1.48e-04      1.57e-02    1.53e-02    6.7e-08
 379000      1.52e-02    1.66e-02      2.40e-04    1.15e-04      1.46e-02    1.60e-02    6.7e-08
 380000      1.72e-02    1.59e-02      2.80e-04    7.92e-05      1.66e-02    1.55e-02    5.9e-08
 381000      1.61e-02    1.58e-02      7.81e-05    4.28e-04      1.56e-02    1.50e-02    5.9e-08
 382000      1.67e-02    1.62e-02      3.09e-05    5.60e-04      1.63e-02    1.51e-02    5.9e-08
 383000      1.56e-02    1.80e-02      3.29e-04    2.38e-04      1.50e-02    1.74e-02    5.9e-08
 384000      1.81e-02    1.83e-02      2.77e-04    4.19e-04      1.74e-02    1.75e-02    5.9e-08
 385000      1.61e-02    1.65e-02      2.63e-05    1.95e-04      1.57e-02    1.61e-02    5.2e-08
 386000      1.50e-02    1.64e-02      1.52e-04    4.59e-04      1.45e-02    1.56e-02    5.2e-08
 387000      1.73e-02    1.61e-02      2.81e-04    3.28e-04      1.67e-02    1.54e-02    5.2e-08
 388000      1.74e-02    1.66e-02      3.40e-04    1.05e-04      1.68e-02    1.61e-02    5.2e-08
 389000      1.61e-02    1.52e-02      8.51e-06    2.61e-04      1.57e-02    1.47e-02    5.2e-08
 390000      1.58e-02    1.63e-02      2.51e-04    2.05e-04      1.54e-02    1.59e-02    4.5e-08
 391000      1.60e-02    1.56e-02      1.95e-05    1.48e-04      1.56e-02    1.52e-02    4.5e-08
 392000      1.55e-02    1.58e-02      1.56e-05    1.48e-04      1.52e-02    1.54e-02    4.5e-08
 393000      1.67e-02    1.57e-02      2.15e-04    8.65e-05      1.62e-02    1.53e-02    4.5e-08
 394000      1.63e-02    1.54e-02      1.78e-04    2.31e-04      1.59e-02    1.50e-02    4.5e-08
 395000      1.53e-02    1.58e-02      2.84e-04    3.73e-05      1.48e-02    1.55e-02    4.0e-08
 396000      1.55e-02    1.61e-02      8.61e-05    2.41e-04      1.52e-02    1.57e-02    4.0e-08
 397000      1.60e-02    1.60e-02      2.17e-04    5.00e-05      1.56e-02    1.57e-02    4.0e-08
 398000      1.58e-02    1.60e-02      2.34e-04    4.34e-04      1.54e-02    1.54e-02    4.0e-08
 399000      1.57e-02    1.55e-02      8.17e-05    4.88e-04      1.53e-02    1.47e-02    4.0e-08
 400000      1.55e-02    1.54e-02      2.68e-04    4.64e-04      1.51e-02    1.47e-02    3.5e-08
