# ../00.data/validation_data: data_e pred_e
-3.039354318390625167e+02 -3.039356415201742720e+02
-3.039280698671875030e+02 -3.039276551920000884e+02
-3.039416751250000175e+02 -3.039417798995762041e+02
-3.039251589328125078e+02 -3.039254377351010703e+02
-3.039315513671875237e+02 -3.039317693069995698e+02
-3.039125981140625186e+02 -3.039128966828150169e+02
-3.039205069562499943e+02 -3.039207115620345121e+02
-3.039231816843749812e+02 -3.039234709087936608e+02
-3.039164567953125129e+02 -3.039164992590601742e+02
-3.039275957593749808e+02 -3.039278891639669382e+02
-3.039146298250000200e+02 -3.039148042042434099e+02
-3.039198877062499946e+02 -3.039201327325112629e+02
-3.039179981671874771e+02 -3.039184062477492034e+02
-3.039100239984375094e+02 -3.039106617661669247e+02
-3.039307357734375046e+02 -3.039306735933882919e+02
-3.039107301421875036e+02 -3.039113541957406142e+02
-3.039251246703125275e+02 -3.039252354805506116e+02
-3.039370795578125239e+02 -3.039373373853135831e+02
-3.039163905656250222e+02 -3.039164942794427589e+02
-3.039288228093749922e+02 -3.039286420883637447e+02
-3.039358302359374875e+02 -3.039360548621397129e+02
-3.039220172062500183e+02 -3.039217340482347822e+02
-3.039218137093749874e+02 -3.039216676013965071e+02
-3.039227258624999877e+02 -3.039230927684811263e+02
-3.039439876828125193e+02 -3.039438971128729463e+02
-3.038989594296875225e+02 -3.038990051881878003e+02
-3.039151391765624908e+02 -3.039154709934049947e+02
-3.039162028750000104e+02 -3.039162925254183847e+02
-3.039257033406249775e+02 -3.039259843555144016e+02
-3.039156520984374765e+02 -3.039158151248522017e+02
-3.039220420624999974e+02 -3.039223640825208577e+02
-3.039166964125000163e+02 -3.039168160628791497e+02
-3.039332000515624941e+02 -3.039333197684433117e+02
-3.039267477843749816e+02 -3.039265901567475225e+02
-3.039113172421875220e+02 -3.039117022223624645e+02
-3.039171245562499735e+02 -3.039172616544126413e+02
-3.039145879281250018e+02 -3.039147605096493407e+02
-3.039188054718749754e+02 -3.039190835302816822e+02
-3.039303076406250170e+02 -3.039301322626159845e+02
-3.039273449453124840e+02 -3.039271473591270478e+02
-3.039454241343750027e+02 -3.039455495440322466e+02
-3.039362063968749794e+02 -3.039364447511682670e+02
-3.039253288328125109e+02 -3.039250252898696658e+02
-3.039194255843750057e+02 -3.039193549634583178e+02
-3.039164607609375253e+02 -3.039161157372602133e+02
-3.039224069718749774e+02 -3.039227600269631466e+02
-3.039145651656249925e+02 -3.039140706720007756e+02
-3.039114668234374790e+02 -3.039112790023096409e+02
-3.039306009578124872e+02 -3.039304340153806834e+02
-3.039196865000000116e+02 -3.039197777141692995e+02
-3.039297966328124971e+02 -3.039297726851835932e+02
-3.039199277843749769e+02 -3.039201412495478962e+02
-3.039364679796875066e+02 -3.039365469592857494e+02
-3.039269031187499763e+02 -3.039264959507329422e+02
-3.039259492312500015e+02 -3.039255492748903862e+02
-3.039365403734374809e+02 -3.039367897021559202e+02
-3.039083094999999730e+02 -3.039088583493328315e+02
-3.039107236093749975e+02 -3.039104971511886788e+02
-3.039326509406250238e+02 -3.039326406930357507e+02
-3.039183298156249862e+02 -3.039185055704450633e+02
-3.039189855296875180e+02 -3.039191310464523781e+02
-3.039193955531250140e+02 -3.039196583605291835e+02
-3.039292525109374878e+02 -3.039294884688041520e+02
-3.039196124390625187e+02 -3.039195953745038423e+02
-3.039143264250000129e+02 -3.039145195622327265e+02
-3.039372665031249880e+02 -3.039369824400466769e+02
-3.039227767890624818e+02 -3.039227024179620571e+02
-3.039205660000000080e+02 -3.039206871120267124e+02
-3.039126519843749747e+02 -3.039129602956955978e+02
-3.039146835656250119e+02 -3.039150732213275887e+02
-3.039141669281249847e+02 -3.039137348004761066e+02
-3.039260238171875130e+02 -3.039258801163986732e+02
-3.039212563500000215e+02 -3.039213646889813276e+02
-3.039419415593749818e+02 -3.039417832278173250e+02
-3.039148994765624821e+02 -3.039150550052866038e+02
-3.039299071218749759e+02 -3.039297265623822568e+02
-3.039350831031250095e+02 -3.039352916123297064e+02
-3.039062871453124899e+02 -3.039069274726170420e+02
-3.039083873031249823e+02 -3.039090382066011671e+02
-3.039369653828125024e+02 -3.039369960415066885e+02
-3.039172458453124932e+02 -3.039174148494827250e+02
-3.039263037640624816e+02 -3.039263810185985903e+02
-3.039221796312500032e+02 -3.039225951296483572e+02
-3.039147242953125101e+02 -3.039152179714404838e+02
-3.038769511171875024e+02 -3.038766784887428685e+02
-3.039462135156250042e+02 -3.039462584687935305e+02
-3.039267378171874725e+02 -3.039270259065482378e+02
-3.039193127500000173e+02 -3.039194531662871555e+02
-3.039277527609374943e+02 -3.039282246681946731e+02
-3.039329480187499826e+02 -3.039325662750633228e+02
-3.039454111812499946e+02 -3.039455812110175543e+02
-3.039127939031250207e+02 -3.039125015489445332e+02
-3.039137505359374813e+02 -3.039141557637561277e+02
-3.039424219390625126e+02 -3.039425981208080429e+02
-3.039279310765625155e+02 -3.039282242577593252e+02
-3.039136554234374898e+02 -3.039138983104235194e+02
-3.039208819125000218e+02 -3.039206709802474506e+02
-3.039281534390624984e+02 -3.039279834103221560e+02
-3.039221953953124853e+02 -3.039220674678130081e+02
-3.039133470062499782e+02 -3.039136048046620999e+02
