# ../00.data/validation_data: data_e pred_e
-1.945186763770000107e+04 -1.945188105729115341e+04
-1.945139647150000019e+04 -1.945136993228800566e+04
-1.945226720800000112e+04 -1.945227391357287706e+04
-1.945121017170000050e+04 -1.945122801504646850e+04
-1.945161928750000152e+04 -1.945163323564797247e+04
-1.945040627930000119e+04 -1.945042538770016108e+04
-1.945091244519999964e+04 -1.945092553997020877e+04
-1.945108362779999879e+04 -1.945110213816279429e+04
-1.945065323490000083e+04 -1.945065595257985115e+04
-1.945136612859999877e+04 -1.945138490649388405e+04
-1.945053630880000128e+04 -1.945054746907157823e+04
-1.945087281319999965e+04 -1.945088849488072083e+04
-1.945075188269999853e+04 -1.945077799985594902e+04
-1.945024153590000060e+04 -1.945028235303468318e+04
-1.945156708950000029e+04 -1.945156310997685068e+04
-1.945028672910000023e+04 -1.945032666852739931e+04
-1.945120797890000176e+04 -1.945121507075523914e+04
-1.945197309170000153e+04 -1.945198959266006932e+04
-1.945064899620000142e+04 -1.945065563388433657e+04
-1.945144465979999950e+04 -1.945143309365527966e+04
-1.945189313509999920e+04 -1.945190751117694163e+04
-1.945100910120000117e+04 -1.945099097908702606e+04
-1.945099607739999919e+04 -1.945098672648937645e+04
-1.945105445519999921e+04 -1.945107793718279208e+04
-1.945241521170000124e+04 -1.945240941522386856e+04
-1.944953340350000144e+04 -1.944953633204401922e+04
-1.945056890729999941e+04 -1.945059014357791966e+04
-1.945063698400000067e+04 -1.945064272162677662e+04
-1.945124501379999856e+04 -1.945126299875292170e+04
-1.945060173429999850e+04 -1.945061216799054091e+04
-1.945101069199999984e+04 -1.945103130128133489e+04
-1.945066857040000104e+04 -1.945067622802426558e+04
-1.945172480329999962e+04 -1.945173246518037195e+04
-1.945131185819999882e+04 -1.945130177003184144e+04
-1.945032430350000141e+04 -1.945034894223119773e+04
-1.945069597159999830e+04 -1.945070474588240904e+04
-1.945053362740000011e+04 -1.945054467261755781e+04
-1.945080355019999843e+04 -1.945082134593802766e+04
-1.945153968900000109e+04 -1.945152846480742301e+04
-1.945135007649999898e+04 -1.945133743098413106e+04
-1.945250714460000017e+04 -1.945251517081806378e+04
-1.945191720939999868e+04 -1.945193246407476909e+04
-1.945122104530000070e+04 -1.945120161855165861e+04
-1.945084323740000036e+04 -1.945083871766133234e+04
-1.945065348870000162e+04 -1.945063140718465365e+04
-1.945103404619999856e+04 -1.945105664172564138e+04
-1.945053217059999952e+04 -1.945050052300804964e+04
-1.945033387669999865e+04 -1.945032185614781702e+04
-1.945155846129999918e+04 -1.945154777698436374e+04
-1.945085993600000074e+04 -1.945086577370683517e+04
-1.945150698449999982e+04 -1.945150545185174997e+04
-1.945087537819999852e+04 -1.945088903997106536e+04
-1.945193395070000042e+04 -1.945193900539428796e+04
-1.945132179959999849e+04 -1.945129574084690830e+04
-1.945126075080000010e+04 -1.945123515359298472e+04
-1.945193858389999878e+04 -1.945195454093797889e+04
-1.945013180799999827e+04 -1.945016693435730122e+04
-1.945028631099999984e+04 -1.945027181767607544e+04
-1.945168966020000153e+04 -1.945168900435428804e+04
-1.945077310819999911e+04 -1.945078435650848405e+04
-1.945081507390000115e+04 -1.945082438697295220e+04
-1.945084131540000089e+04 -1.945085813507386774e+04
-1.945147216069999922e+04 -1.945148726200346573e+04
-1.945085519610000119e+04 -1.945085410396824591e+04
-1.945051689120000083e+04 -1.945052925198289449e+04
-1.945198505619999924e+04 -1.945196687616298732e+04
-1.945105771449999884e+04 -1.945105295474957165e+04
-1.945091622400000051e+04 -1.945092397516970959e+04
-1.945040972699999838e+04 -1.945042945892451826e+04
-1.945053974820000076e+04 -1.945056468616496568e+04
-1.945050668339999902e+04 -1.945047902723047082e+04
-1.945126552430000083e+04 -1.945125632744951508e+04
-1.945096040640000138e+04 -1.945096734009480497e+04
-1.945228425979999884e+04 -1.945227412658030880e+04
-1.945055356649999885e+04 -1.945056352033834264e+04
-1.945151405579999846e+04 -1.945150249999246444e+04
-1.945184531860000061e+04 -1.945185866318910121e+04
-1.945000237729999935e+04 -1.945004335824749069e+04
-1.945013678739999887e+04 -1.945017844522247469e+04
-1.945196578450000015e+04 -1.945196774665642806e+04
-1.945070373409999956e+04 -1.945071455036689440e+04
-1.945128344089999882e+04 -1.945128838519030978e+04
-1.945101949640000021e+04 -1.945104608829749486e+04
-1.945054235490000065e+04 -1.945057395017219096e+04
-1.944812487150000015e+04 -1.944810742327954358e+04
-1.945255766500000027e+04 -1.945256054200278595e+04
-1.945131122029999824e+04 -1.945132965801908722e+04
-1.945083601600000111e+04 -1.945084500264237795e+04
-1.945137617669999963e+04 -1.945140637876445908e+04
-1.945170867319999888e+04 -1.945168424160405266e+04
-1.945250631559999965e+04 -1.945251719750512348e+04
-1.945041880980000133e+04 -1.945040009913245012e+04
-1.945048003429999881e+04 -1.945050596888039217e+04
-1.945231500410000081e+04 -1.945232627973171475e+04
-1.945138758890000099e+04 -1.945140635249659681e+04
-1.945047394709999935e+04 -1.945048949186710524e+04
-1.945093644240000140e+04 -1.945092294273583684e+04
-1.945140182009999990e+04 -1.945139093826061799e+04
-1.945102050529999906e+04 -1.945101231794003252e+04
-1.945045420839999861e+04 -1.945047070749837440e+04
